-------------------------------------------------------------------------------
Test set: com.sairamvankina.salesorder.intergrationtests.SalesOrderControllerTest
-------------------------------------------------------------------------------
Tests run: 5, Failures: 5, Errors: 0, Skipped: 0, Time elapsed: 10.822 s <<< FAILURE! - in com.sairamvankina.salesorder.intergrationtests.SalesOrderControllerTest
deleteOrder(com.sairamvankina.salesorder.intergrationtests.SalesOrderControllerTest)  Time elapsed: 0.419 s  <<< FAILURE!
java.lang.AssertionError: Status expected:<204> but was:<404>
	at com.sairamvankina.salesorder.intergrationtests.SalesOrderControllerTest.deleteOrder(SalesOrderControllerTest.java:162)

updateOrder(com.sairamvankina.salesorder.intergrationtests.SalesOrderControllerTest)  Time elapsed: 0.049 s  <<< FAILURE!
java.lang.AssertionError: Status expected:<200> but was:<404>
	at com.sairamvankina.salesorder.intergrationtests.SalesOrderControllerTest.updateOrder(SalesOrderControllerTest.java:153)

createOrder(com.sairamvankina.salesorder.intergrationtests.SalesOrderControllerTest)  Time elapsed: 0.021 s  <<< FAILURE!
java.lang.AssertionError: Status expected:<201> but was:<404>
	at com.sairamvankina.salesorder.intergrationtests.SalesOrderControllerTest.createOrder(SalesOrderControllerTest.java:131)

getAllOrder(com.sairamvankina.salesorder.intergrationtests.SalesOrderControllerTest)  Time elapsed: 0.023 s  <<< FAILURE!
java.lang.AssertionError: Status expected:<200> but was:<404>
	at com.sairamvankina.salesorder.intergrationtests.SalesOrderControllerTest.getAllOrder(SalesOrderControllerTest.java:109)

getOrderById(com.sairamvankina.salesorder.intergrationtests.SalesOrderControllerTest)  Time elapsed: 0.027 s  <<< FAILURE!
java.lang.AssertionError: Status expected:<200> but was:<404>
	at com.sairamvankina.salesorder.intergrationtests.SalesOrderControllerTest.getOrderById(SalesOrderControllerTest.java:119)

