<?xml version="1.0" encoding="UTF-8"?>
<testsuite xmlns:xsi="http://www.w3.org/2001/XMLSchema-instance" xsi:noNamespaceSchemaLocation="https://maven.apache.org/surefire/maven-surefire-plugin/xsd/surefire-test-report.xsd" name="com.sairamvankina.salesorder.intergrationtests.SalesOrderControllerTest" time="10.822" tests="5" errors="0" skipped="0" failures="5">
  <properties>
[...]
</properties>
  <testcase name="deleteOrder" classname="com.sairamvankina.salesorder.intergrationtests.SalesOrderControllerTest" time="0.419">
    <failure message="Status expected:&lt;204&gt; but was:&lt;404&gt;" type="java.lang.AssertionError"><![CDATA[java.lang.AssertionError: Status expected:<204> but was:<404>
	at com.sairamvankina.salesorder.intergrationtests.SalesOrderControllerTest.deleteOrder(SalesOrderControllerTest.java:162)
]]></failure>
    <system-out><![CDATA[15:49:00.868 [main] DEBUG org.springframework.test.context.junit4.SpringJUnit4ClassRunner - SpringJUnit4ClassRunner constructor called with [class com.sairamvankina.salesorder.intergrationtests.SalesOrderControllerTest]
15:49:00.874 [main] DEBUG org.springframework.test.context.BootstrapUtils - Instantiating CacheAwareContextLoaderDelegate from class [org.springframework.test.context.cache.DefaultCacheAwareContextLoaderDelegate]
15:49:00.892 [main] DEBUG org.springframework.test.context.BootstrapUtils - Instantiating BootstrapContext using constructor [public org.springframework.test.context.support.DefaultBootstrapContext(java.lang.Class,org.springframework.test.context.CacheAwareContextLoaderDelegate)]
15:49:00.974 [main] DEBUG org.springframework.test.context.BootstrapUtils - Instantiating TestContextBootstrapper for test class [com.sairamvankina.salesorder.intergrationtests.SalesOrderControllerTest] from class [org.springframework.boot.test.context.SpringBootTestContextBootstrapper]
15:49:01.004 [main] INFO org.springframework.boot.test.context.SpringBootTestContextBootstrapper - Neither @ContextConfiguration nor @ContextHierarchy found for test class [com.sairamvankina.salesorder.intergrationtests.SalesOrderControllerTest], using SpringBootContextLoader
15:49:01.015 [main] DEBUG org.springframework.test.context.support.AbstractContextLoader - Did not detect default resource location for test class [com.sairamvankina.salesorder.intergrationtests.SalesOrderControllerTest]: class path resource [com/sairamvankina/salesorder/intergrationtests/SalesOrderControllerTest-context.xml] does not exist
15:49:01.016 [main] DEBUG org.springframework.test.context.support.AbstractContextLoader - Did not detect default resource location for test class [com.sairamvankina.salesorder.intergrationtests.SalesOrderControllerTest]: class path resource [com/sairamvankina/salesorder/intergrationtests/SalesOrderControllerTestContext.groovy] does not exist
15:49:01.016 [main] INFO org.springframework.test.context.support.AbstractContextLoader - Could not detect default resource locations for test class [com.sairamvankina.salesorder.intergrationtests.SalesOrderControllerTest]: no resource found for suffixes {-context.xml, Context.groovy}.
15:49:01.018 [main] INFO org.springframework.test.context.support.AnnotationConfigContextLoaderUtils - Could not detect default configuration classes for test class [com.sairamvankina.salesorder.intergrationtests.SalesOrderControllerTest]: SalesOrderControllerTest does not declare any static, non-private, non-final, nested classes annotated with @Configuration.
15:49:01.328 [main] DEBUG org.springframework.context.annotation.ClassPathScanningCandidateComponentProvider - Identified candidate component class: file [/Users/sairamvankina/IdeaProjects/salesorder/salesorder-SpringBootApp/target/classes/com/sairamvankina/salesorder/SalesorderApplication.class]
15:49:01.335 [main] INFO org.springframework.boot.test.context.SpringBootTestContextBootstrapper - Found @SpringBootConfiguration com.sairamvankina.salesorder.SalesorderApplication for test class com.sairamvankina.salesorder.intergrationtests.SalesOrderControllerTest
15:49:01.510 [main] DEBUG org.springframework.boot.test.context.SpringBootTestContextBootstrapper - @TestExecutionListeners is not present for class [com.sairamvankina.salesorder.intergrationtests.SalesOrderControllerTest]: using defaults.
15:49:01.511 [main] INFO org.springframework.boot.test.context.SpringBootTestContextBootstrapper - Loaded default TestExecutionListener class names from location [META-INF/spring.factories]: [org.springframework.boot.test.mock.mockito.MockitoTestExecutionListener, org.springframework.boot.test.mock.mockito.ResetMocksTestExecutionListener, org.springframework.boot.test.autoconfigure.restdocs.RestDocsTestExecutionListener, org.springframework.boot.test.autoconfigure.web.client.MockRestServiceServerResetTestExecutionListener, org.springframework.boot.test.autoconfigure.web.servlet.MockMvcPrintOnlyOnFailureTestExecutionListener, org.springframework.boot.test.autoconfigure.web.servlet.WebDriverTestExecutionListener, org.springframework.test.context.web.ServletTestExecutionListener, org.springframework.test.context.support.DirtiesContextBeforeModesTestExecutionListener, org.springframework.test.context.support.DependencyInjectionTestExecutionListener, org.springframework.test.context.support.DirtiesContextTestExecutionListener, org.springframework.test.context.transaction.TransactionalTestExecutionListener, org.springframework.test.context.jdbc.SqlScriptsTestExecutionListener, org.springframework.test.context.event.EventPublishingTestExecutionListener]
15:49:01.552 [main] INFO org.springframework.boot.test.context.SpringBootTestContextBootstrapper - Using TestExecutionListeners: [org.springframework.test.context.web.ServletTestExecutionListener@3f4faf53, org.springframework.test.context.support.DirtiesContextBeforeModesTestExecutionListener@7fd50002, org.springframework.boot.test.mock.mockito.MockitoTestExecutionListener@533bda92, org.springframework.boot.test.autoconfigure.SpringBootDependencyInjectionTestExecutionListener@304bb45b, org.springframework.test.context.support.DirtiesContextTestExecutionListener@723ca036, org.springframework.test.context.transaction.TransactionalTestExecutionListener@25be7b63, org.springframework.test.context.jdbc.SqlScriptsTestExecutionListener@28dcca0c, org.springframework.test.context.event.EventPublishingTestExecutionListener@45d84a20, org.springframework.boot.test.mock.mockito.ResetMocksTestExecutionListener@52f27fbd, org.springframework.boot.test.autoconfigure.restdocs.RestDocsTestExecutionListener@4c163e3, org.springframework.boot.test.autoconfigure.web.client.MockRestServiceServerResetTestExecutionListener@4a8355dd, org.springframework.boot.test.autoconfigure.web.servlet.MockMvcPrintOnlyOnFailureTestExecutionListener@4d0d9fe7, org.springframework.boot.test.autoconfigure.web.servlet.WebDriverTestExecutionListener@c430e6c]
15:49:01.562 [main] DEBUG org.springframework.test.annotation.ProfileValueUtils - Retrieved @ProfileValueSourceConfiguration [null] for test class [com.sairamvankina.salesorder.intergrationtests.SalesOrderControllerTest]
15:49:01.563 [main] DEBUG org.springframework.test.annotation.ProfileValueUtils - Retrieved ProfileValueSource type [class org.springframework.test.annotation.SystemProfileValueSource] for class [com.sairamvankina.salesorder.intergrationtests.SalesOrderControllerTest]
15:49:01.566 [main] DEBUG org.springframework.test.annotation.ProfileValueUtils - Retrieved @ProfileValueSourceConfiguration [null] for test class [com.sairamvankina.salesorder.intergrationtests.SalesOrderControllerTest]
15:49:01.568 [main] DEBUG org.springframework.test.annotation.ProfileValueUtils - Retrieved ProfileValueSource type [class org.springframework.test.annotation.SystemProfileValueSource] for class [com.sairamvankina.salesorder.intergrationtests.SalesOrderControllerTest]
15:49:01.576 [main] DEBUG org.springframework.test.annotation.ProfileValueUtils - Retrieved @ProfileValueSourceConfiguration [null] for test class [com.sairamvankina.salesorder.intergrationtests.SalesOrderControllerTest]
15:49:01.577 [main] DEBUG org.springframework.test.annotation.ProfileValueUtils - Retrieved ProfileValueSource type [class org.springframework.test.annotation.SystemProfileValueSource] for class [com.sairamvankina.salesorder.intergrationtests.SalesOrderControllerTest]
15:49:01.582 [main] DEBUG org.springframework.test.context.support.AbstractDirtiesContextTestExecutionListener - Before test class: context [DefaultTestContext@194fad1 testClass = SalesOrderControllerTest, testInstance = [null], testMethod = [null], testException = [null], mergedContextConfiguration = [WebMergedContextConfiguration@26abb146 testClass = SalesOrderControllerTest, locations = '{}', classes = '{class com.sairamvankina.salesorder.SalesorderApplication}', contextInitializerClasses = '[]', activeProfiles = '{integrationtest}', propertySourceLocations = '{}', propertySourceProperties = '{org.springframework.boot.test.context.SpringBootTestContextBootstrapper=true}', contextCustomizers = set[[ImportsContextCustomizer@72c8e7b key = [org.springframework.boot.test.autoconfigure.web.servlet.MockMvcAutoConfiguration, org.springframework.boot.test.autoconfigure.web.servlet.MockMvcWebClientAutoConfiguration, org.springframework.boot.test.autoconfigure.web.servlet.MockMvcWebDriverAutoConfiguration, org.springframework.boot.autoconfigure.security.servlet.SecurityAutoConfiguration, org.springframework.boot.autoconfigure.security.servlet.UserDetailsServiceAutoConfiguration, org.springframework.boot.test.autoconfigure.web.servlet.MockMvcSecurityConfiguration]], org.springframework.boot.test.context.filter.ExcludeFilterContextCustomizer@28eaa59a, org.springframework.boot.test.json.DuplicateJsonObjectContextCustomizerFactory$DuplicateJsonObjectContextCustomizer@41fbdac4, org.springframework.boot.test.mock.mockito.MockitoContextCustomizer@0, org.springframework.boot.test.web.client.TestRestTemplateContextCustomizer@72057ecf, org.springframework.boot.test.autoconfigure.properties.PropertyMappingContextCustomizer@4b3fa0b3, org.springframework.boot.test.autoconfigure.web.servlet.WebDriverContextCustomizerFactory$Customizer@6aba2b86], resourceBasePath = 'src/main/webapp', contextLoader = 'org.springframework.boot.test.context.SpringBootContextLoader', parent = [null]], attributes = map['org.springframework.test.context.web.ServletTestExecutionListener.activateListener' -> true]], class annotated with @DirtiesContext [false] with mode [null].
15:49:01.585 [main] DEBUG org.springframework.test.annotation.ProfileValueUtils - Retrieved @ProfileValueSourceConfiguration [null] for test class [com.sairamvankina.salesorder.intergrationtests.SalesOrderControllerTest]
15:49:01.585 [main] DEBUG org.springframework.test.annotation.ProfileValueUtils - Retrieved ProfileValueSource type [class org.springframework.test.annotation.SystemProfileValueSource] for class [com.sairamvankina.salesorder.intergrationtests.SalesOrderControllerTest]
15:49:01.649 [main] DEBUG org.springframework.test.context.support.TestPropertySourceUtils - Adding inlined properties to environment: {spring.jmx.enabled=false, org.springframework.boot.test.context.SpringBootTestContextBootstrapper=true, server.port=-1}

  .   ____          _            __ _ _
 /\\ / ___'_ __ _ _(_)_ __  __ _ \ \ \ \
( ( )\___ | '_ | '_| | '_ \/ _` | \ \ \ \
 \\/  ___)| |_)| | | | | || (_| |  ) ) ) )
  '  |____| .__|_| |_|_| |_\__, | / / / /
 =========|_|==============|___/=/_/_/_/
 :: Spring Boot ::        (v2.2.1.RELEASE)

2019-12-03 15:49:02.333  INFO 76961 --- [           main] c.s.s.i.SalesOrderControllerTest         : Starting SalesOrderControllerTest on Sais-MacBook-Pro.local with PID 76961 (started by sairamvankina in /Users/sairamvankina/IdeaProjects/salesorder/salesorder-SpringBootApp)
2019-12-03 15:49:02.334  INFO 76961 --- [           main] c.s.s.i.SalesOrderControllerTest         : The following profiles are active: integrationtest
2019-12-03 15:49:03.657  INFO 76961 --- [           main] .s.d.r.c.RepositoryConfigurationDelegate : Bootstrapping Spring Data repositories in DEFAULT mode.
2019-12-03 15:49:03.748  INFO 76961 --- [           main] .s.d.r.c.RepositoryConfigurationDelegate : Finished Spring Data repository scanning in 80ms. Found 3 repository interfaces.
2019-12-03 15:49:04.403  INFO 76961 --- [           main] trationDelegate$BeanPostProcessorChecker : Bean 'org.springframework.transaction.annotation.ProxyTransactionManagementConfiguration' of type [org.springframework.transaction.annotation.ProxyTransactionManagementConfiguration] is not eligible for getting processed by all BeanPostProcessors (for example: not eligible for auto-proxying)
2019-12-03 15:49:05.055  INFO 76961 --- [           main] o.hibernate.jpa.internal.util.LogHelper  : HHH000204: Processing PersistenceUnitInfo [name: default]
2019-12-03 15:49:05.140  INFO 76961 --- [           main] org.hibernate.Version                    : HHH000412: Hibernate Core {5.4.8.Final}
2019-12-03 15:49:05.322  INFO 76961 --- [           main] o.hibernate.annotations.common.Version   : HCANN000001: Hibernate Commons Annotations {5.1.0.Final}
2019-12-03 15:49:05.474  INFO 76961 --- [           main] com.zaxxer.hikari.HikariDataSource       : HikariPool-1 - Starting...
2019-12-03 15:49:05.692  INFO 76961 --- [           main] com.zaxxer.hikari.HikariDataSource       : HikariPool-1 - Start completed.
2019-12-03 15:49:05.718  INFO 76961 --- [           main] org.hibernate.dialect.Dialect            : HHH000400: Using dialect: org.hibernate.dialect.H2Dialect
2019-12-03 15:49:06.776  INFO 76961 --- [           main] o.h.e.t.j.p.i.JtaPlatformInitiator       : HHH000490: Using JtaPlatform implementation: [org.hibernate.engine.transaction.jta.platform.internal.NoJtaPlatform]
2019-12-03 15:49:06.784  INFO 76961 --- [           main] j.LocalContainerEntityManagerFactoryBean : Initialized JPA EntityManagerFactory for persistence unit 'default'
2019-12-03 15:49:08.263  WARN 76961 --- [           main] JpaBaseConfiguration$JpaWebConfiguration : spring.jpa.open-in-view is enabled by default. Therefore, database queries may be performed during view rendering. Explicitly configure spring.jpa.open-in-view to disable this warning
2019-12-03 15:49:08.742  INFO 76961 --- [           main] pertySourcedRequestMappingHandlerMapping : Mapped URL path [/v2/api-docs] onto method [springfox.documentation.swagger2.web.Swagger2Controller#getDocumentation(String, HttpServletRequest)]
2019-12-03 15:49:09.669  INFO 76961 --- [           main] o.s.s.concurrent.ThreadPoolTaskExecutor  : Initializing ExecutorService 'applicationTaskExecutor'
2019-12-03 15:49:10.072  INFO 76961 --- [           main] o.s.b.a.h2.H2ConsoleAutoConfiguration    : H2 console available at '/h2-console'. Database available at 'jdbc:h2:mem:test'
2019-12-03 15:49:10.302  INFO 76961 --- [           main] o.s.b.t.m.w.SpringBootMockServletContext : Initializing Spring TestDispatcherServlet ''
2019-12-03 15:49:10.302  INFO 76961 --- [           main] o.s.t.web.servlet.TestDispatcherServlet  : Initializing Servlet ''
2019-12-03 15:49:10.321  INFO 76961 --- [           main] o.s.t.web.servlet.TestDispatcherServlet  : Completed initialization in 18 ms
2019-12-03 15:49:10.340  INFO 76961 --- [           main] d.s.w.p.DocumentationPluginsBootstrapper : Context refreshed
2019-12-03 15:49:10.366  INFO 76961 --- [           main] d.s.w.p.DocumentationPluginsBootstrapper : Found 1 custom documentation plugin(s)
2019-12-03 15:49:10.418  INFO 76961 --- [           main] s.d.s.w.s.ApiListingReferenceScanner     : Scanning for api listing references
2019-12-03 15:49:10.720  INFO 76961 --- [           main] c.s.s.i.SalesOrderControllerTest         : Started SalesOrderControllerTest in 9.053 seconds (JVM running for 10.736)

MockHttpServletRequest:
      HTTP Method = DELETE
      Request URI = /api/v1/salesorder/4
       Parameters = {}
          Headers = []
             Body = null
    Session Attrs = {}

Handler:
             Type = org.springframework.web.servlet.resource.ResourceHttpRequestHandler

Async:
    Async started = false
     Async result = null

Resolved Exception:
             Type = null

ModelAndView:
        View name = null
             View = null
            Model = null

FlashMap:
       Attributes = null

MockHttpServletResponse:
           Status = 404
    Error message = null
          Headers = [Vary:"Origin", "Access-Control-Request-Method", "Access-Control-Request-Headers"]
     Content type = null
             Body = 
    Forwarded URL = null
   Redirected URL = null
          Cookies = []
]]></system-out>
  </testcase>
  <testcase name="updateOrder" classname="com.sairamvankina.salesorder.intergrationtests.SalesOrderControllerTest" time="0.049">
    <failure message="Status expected:&lt;200&gt; but was:&lt;404&gt;" type="java.lang.AssertionError"><![CDATA[java.lang.AssertionError: Status expected:<200> but was:<404>
	at com.sairamvankina.salesorder.intergrationtests.SalesOrderControllerTest.updateOrder(SalesOrderControllerTest.java:153)
]]></failure>
    <system-out><![CDATA[
MockHttpServletRequest:
      HTTP Method = PUT
      Request URI = /api/v1/salesorder/8
       Parameters = {}
          Headers = [Content-Type:"application/json;charset=UTF-8", Accept:"application/json"]
             Body = {"salesId":8,"items":[{"itemId":7,"cost":23.0,"color":"GREEN","size":"XL","quantity":3,"description":"Awesome Yellow T shirt"}],"orderDate":1575416951173,"billingAddress":{"id":5,"street":"123 N Bothel","city":"Seattle","state":"Washington","zipCode":64467,"country":"USA"},"shippingAddress":{"id":6,"street":" Overland part Apt-2","city":"Kansas","state":"MO","zipCode":64465,"country":"USA"},"orderStatus":"Released","orderPrice":45.0,"deliveryCost":23.0,"salesTax":13.0,"totalPrice":34.0}
    Session Attrs = {}

Handler:
             Type = org.springframework.web.servlet.resource.ResourceHttpRequestHandler

Async:
    Async started = false
     Async result = null

Resolved Exception:
             Type = null

ModelAndView:
        View name = null
             View = null
            Model = null

FlashMap:
       Attributes = null

MockHttpServletResponse:
           Status = 404
    Error message = null
          Headers = [Vary:"Origin", "Access-Control-Request-Method", "Access-Control-Request-Headers"]
     Content type = null
             Body = 
    Forwarded URL = null
   Redirected URL = null
          Cookies = []
]]></system-out>
  </testcase>
  <testcase name="createOrder" classname="com.sairamvankina.salesorder.intergrationtests.SalesOrderControllerTest" time="0.021">
    <failure message="Status expected:&lt;201&gt; but was:&lt;404&gt;" type="java.lang.AssertionError"><![CDATA[java.lang.AssertionError: Status expected:<201> but was:<404>
	at com.sairamvankina.salesorder.intergrationtests.SalesOrderControllerTest.createOrder(SalesOrderControllerTest.java:131)
]]></failure>
    <system-out><![CDATA[
MockHttpServletRequest:
      HTTP Method = POST
      Request URI = /api/v1/salesorder
       Parameters = {}
          Headers = [Content-Type:"application/json;charset=UTF-8", Accept:"application/json"]
             Body = {"salesId":12,"items":[{"itemId":11,"cost":23.0,"color":"GREEN","size":"XL","quantity":3,"description":"Awesome Yellow T shirt"}],"orderDate":1575416951223,"billingAddress":{"id":9,"street":"123 N Bothel","city":"Seattle","state":"Washington","zipCode":64467,"country":"USA"},"shippingAddress":{"id":10,"street":" Overland part Apt-2","city":"Kansas","state":"MO","zipCode":64465,"country":"USA"},"orderStatus":"Released","orderPrice":45.0,"deliveryCost":1.0,"salesTax":5.04,"totalPrice":34.0}
    Session Attrs = {}

Handler:
             Type = org.springframework.web.servlet.resource.ResourceHttpRequestHandler

Async:
    Async started = false
     Async result = null

Resolved Exception:
             Type = null

ModelAndView:
        View name = null
             View = null
            Model = null

FlashMap:
       Attributes = null

MockHttpServletResponse:
           Status = 404
    Error message = null
          Headers = [Vary:"Origin", "Access-Control-Request-Method", "Access-Control-Request-Headers"]
     Content type = null
             Body = 
    Forwarded URL = null
   Redirected URL = null
          Cookies = []
]]></system-out>
  </testcase>
  <testcase name="getAllOrder" classname="com.sairamvankina.salesorder.intergrationtests.SalesOrderControllerTest" time="0.023">
    <failure message="Status expected:&lt;200&gt; but was:&lt;404&gt;" type="java.lang.AssertionError"><![CDATA[java.lang.AssertionError: Status expected:<200> but was:<404>
	at com.sairamvankina.salesorder.intergrationtests.SalesOrderControllerTest.getAllOrder(SalesOrderControllerTest.java:109)
]]></failure>
    <system-out><![CDATA[
MockHttpServletRequest:
      HTTP Method = GET
      Request URI = /api/v1/salesorder
       Parameters = {}
          Headers = []
             Body = null
    Session Attrs = {}

Handler:
             Type = org.springframework.web.servlet.resource.ResourceHttpRequestHandler

Async:
    Async started = false
     Async result = null

Resolved Exception:
             Type = null

ModelAndView:
        View name = null
             View = null
            Model = null

FlashMap:
       Attributes = null

MockHttpServletResponse:
           Status = 404
    Error message = null
          Headers = [Vary:"Origin", "Access-Control-Request-Method", "Access-Control-Request-Headers"]
     Content type = null
             Body = 
    Forwarded URL = null
   Redirected URL = null
          Cookies = []
]]></system-out>
  </testcase>
  <testcase name="getOrderById" classname="com.sairamvankina.salesorder.intergrationtests.SalesOrderControllerTest" time="0.027">
    <failure message="Status expected:&lt;200&gt; but was:&lt;404&gt;" type="java.lang.AssertionError"><![CDATA[java.lang.AssertionError: Status expected:<200> but was:<404>
	at com.sairamvankina.salesorder.intergrationtests.SalesOrderControllerTest.getOrderById(SalesOrderControllerTest.java:119)
]]></failure>
    <system-out><![CDATA[
MockHttpServletRequest:
      HTTP Method = GET
      Request URI = /api/v1/salesorder/20
       Parameters = {}
          Headers = []
             Body = null
    Session Attrs = {}

Handler:
             Type = org.springframework.web.servlet.resource.ResourceHttpRequestHandler

Async:
    Async started = false
     Async result = null

Resolved Exception:
             Type = null

ModelAndView:
        View name = null
             View = null
            Model = null

FlashMap:
       Attributes = null

MockHttpServletResponse:
           Status = 404
    Error message = null
          Headers = [Vary:"Origin", "Access-Control-Request-Method", "Access-Control-Request-Headers"]
     Content type = null
             Body = 
    Forwarded URL = null
   Redirected URL = null
          Cookies = []
]]></system-out>
  </testcase>
</testsuite>